This is XeTeX, Version 3.141592653-2.6-0.999996 (TeX Live 2025/dev/Debian) (preloaded format=xelatex 2025.7.15)  13 AUG 2025 20:14
entering extended mode
 restricted \write18 enabled.
 %&-line parsing enabled.
**index.tex
(./index.tex
LaTeX2e <2024-11-01> patch level 2
L3 programming layer <2025-01-18>
(/usr/share/texlive/texmf-dist/tex/latex/koma-script/scrreprt.cls
Document Class: scrreprt 2024/10/24 v3.43 KOMA-Script document class (report)
(/usr/share/texlive/texmf-dist/tex/latex/koma-script/scrkbase.sty
Package: scrkbase 2024/10/24 v3.43 KOMA-Script package (KOMA-Script-dependent b
asics and keyval usage)
(/usr/share/texlive/texmf-dist/tex/latex/koma-script/scrbase.sty
Package: scrbase 2024/10/24 v3.43 KOMA-Script package (KOMA-Script-independent 
basics and keyval usage)
(/usr/share/texlive/texmf-dist/tex/latex/koma-script/scrlfile.sty
Package: scrlfile 2024/10/24 v3.43 KOMA-Script package (file load hooks)
(/usr/share/texlive/texmf-dist/tex/latex/koma-script/scrlfile-hook.sty
Package: scrlfile-hook 2024/10/24 v3.43 KOMA-Script package (using LaTeX hooks)

(/usr/share/texlive/texmf-dist/tex/latex/koma-script/scrlogo.sty
Package: scrlogo 2024/10/24 v3.43 KOMA-Script package (logo)
))) (/usr/share/texlive/texmf-dist/tex/latex/graphics/keyval.sty
Package: keyval 2022/05/29 v1.15 key=value parser (DPC)
\KV@toks@=\toks17
)
Applying: [2021/05/01] Usage of raw or classic option list on input line 254.
Already applied: [0000/00/00] Usage of raw or classic option list on input line
 370.
)) (/usr/share/texlive/texmf-dist/tex/latex/koma-script/tocbasic.sty
Package: tocbasic 2024/10/24 v3.43 KOMA-Script package (handling toc-files)
\scr@dte@tocline@numberwidth=\skip49
\scr@dte@tocline@numbox=\box52
)
Package tocbasic Info: omitting babel extension for `toc'
(tocbasic)             because of feature `nobabel' available
(tocbasic)             for `toc' on input line 137.
Class scrreprt Info: File `scrsize11pt.clo' used instead of
(scrreprt)           file `scrsize11.clo' to setup font sizes on input line 271
3.
(/usr/share/texlive/texmf-dist/tex/latex/koma-script/scrsize11pt.clo
File: scrsize11pt.clo 2024/10/24 v3.43 KOMA-Script font size class option (11pt
)
) (/usr/share/texlive/texmf-dist/tex/latex/koma-script/typearea.sty
Package: typearea 2024/10/24 v3.43 KOMA-Script package (type area)
\ta@bcor=\skip50
\ta@div=\count192
Package typearea Info: You've used standard option `letterpaper'.
(typearea)             This is correct!
(typearea)             Internally I'm using `paper=letter'.
(typearea)             If you'd like to set the option with \KOMAoptions,
(typearea)             you'd have to use `paper=letter' there
(typearea)             instead of `letterpaper', too.
\ta@hblk=\skip51
\ta@vblk=\skip52
\ta@temp=\skip53
\footheight=\skip54
Package typearea Info: These are the values describing the layout:
(typearea)             DIV  = 11
(typearea)             BCOR = 0.0pt
(typearea)             \paperwidth      = 614.295pt
(typearea)              \textwidth      = 446.76004pt
(typearea)              DIV departure   = -14%
(typearea)              \evensidemargin = 11.49748pt
(typearea)              \oddsidemargin  = 11.49748pt
(typearea)             \paperheight     = 794.96999pt
(typearea)              \textheight     = 582.20026pt
(typearea)              \topmargin      = -37.40001pt
(typearea)              \headheight     = 17.0pt
(typearea)              \headsep        = 20.40001pt
(typearea)              \topskip        = 11.0pt
(typearea)              \footskip       = 47.6pt
(typearea)              \baselineskip   = 13.6pt
(typearea)              on input line 1802.
)
\c@part=\count193
\c@chapter=\count194
\c@section=\count195
\c@subsection=\count196
\c@subsubsection=\count197
\c@paragraph=\count198
\c@subparagraph=\count199
\scr@dte@chapter@maxnumwidth=\skip55
Class scrreprt Info: using compatibility default `afterindent=bysign'
(scrreprt)           for `\chapter on input line 6020.
\scr@dte@section@maxnumwidth=\skip56
Class scrreprt Info: using compatibility default `runin=bysign'
(scrreprt)           for `\section on input line 6031.
Class scrreprt Info: using compatibility default `afterindent=bysign'
(scrreprt)           for `\section on input line 6031.
\scr@dte@part@maxnumwidth=\skip57
Class scrreprt Info: using compatibility default `afterindent=true'
(scrreprt)           for `\part on input line 6040.
\scr@dte@subsection@maxnumwidth=\skip58
Class scrreprt Info: using compatibility default `runin=bysign'
(scrreprt)           for `\subsection on input line 6050.
Class scrreprt Info: using compatibility default `afterindent=bysign'
(scrreprt)           for `\subsection on input line 6050.
\scr@dte@subsubsection@maxnumwidth=\skip59
Class scrreprt Info: using compatibility default `runin=bysign'
(scrreprt)           for `\subsubsection on input line 6060.
Class scrreprt Info: using compatibility default `afterindent=bysign'
(scrreprt)           for `\subsubsection on input line 6060.
\scr@dte@paragraph@maxnumwidth=\skip60
Class scrreprt Info: using compatibility default `runin=bysign'
(scrreprt)           for `\paragraph on input line 6071.
Class scrreprt Info: using compatibility default `afterindent=bysign'
(scrreprt)           for `\paragraph on input line 6071.
\scr@dte@subparagraph@maxnumwidth=\skip61
Class scrreprt Info: using compatibility default `runin=bysign'
(scrreprt)           for `\subparagraph on input line 6081.
Class scrreprt Info: using compatibility default `afterindent=bysign'
(scrreprt)           for `\subparagraph on input line 6081.
\abovecaptionskip=\skip62
\belowcaptionskip=\skip63
\c@pti@nb@sid@b@x=\box53
Package tocbasic Info: omitting babel extension for `lof'
(tocbasic)             because of feature `nobabel' available
(tocbasic)             for `lof' on input line 7269.
\scr@dte@figure@maxnumwidth=\skip64
\c@figure=\count266
Package tocbasic Info: omitting babel extension for `lot'
(tocbasic)             because of feature `nobabel' available
(tocbasic)             for `lot' on input line 7286.
\scr@dte@table@maxnumwidth=\skip65
\c@table=\count267
Class scrreprt Info: Redefining `\numberline' on input line 7457.
\bibindent=\dimen141
) (/usr/share/texlive/texmf-dist/tex/latex/xcolor/xcolor.sty
Package: xcolor 2024/09/29 v3.02 LaTeX color extensions (UK)
(/usr/share/texlive/texmf-dist/tex/latex/graphics-cfg/color.cfg
File: color.cfg 2016/01/02 v1.6 sample color configuration
)
Package xcolor Info: Driver file: xetex.def on input line 274.
(/usr/share/texlive/texmf-dist/tex/latex/graphics-def/xetex.def
File: xetex.def 2022/09/22 v5.0n Graphics/color driver for xetex
) (/usr/share/texlive/texmf-dist/tex/latex/graphics/mathcolor.ltx)
Package xcolor Info: Model `cmy' substituted by `cmy0' on input line 1349.
Package xcolor Info: Model `RGB' extended on input line 1365.
Package xcolor Info: Model `HTML' substituted by `rgb' on input line 1367.
Package xcolor Info: Model `Hsb' substituted by `hsb' on input line 1368.
Package xcolor Info: Model `tHsb' substituted by `hsb' on input line 1369.
Package xcolor Info: Model `HSB' substituted by `hsb' on input line 1370.
Package xcolor Info: Model `Gray' substituted by `gray' on input line 1371.
Package xcolor Info: Model `wave' substituted by `hsb' on input line 1372.
) (/usr/share/texlive/texmf-dist/tex/latex/graphics/dvipsnam.def
File: dvipsnam.def 2016/06/17 v3.0m Driver-dependent file (DPC,SPQR)
) (/usr/share/texlive/texmf-dist/tex/latex/xcolor/svgnam.def
File: svgnam.def 2024/09/29 v3.02 Predefined colors according to SVG 1.1 (UK)
) (/usr/share/texlive/texmf-dist/tex/latex/xcolor/x11nam.def
File: x11nam.def 2024/09/29 v3.02 Predefined colors according to Unix/X11 (UK)
) (/usr/share/texlive/texmf-dist/tex/latex/amsmath/amsmath.sty
Package: amsmath 2024/11/05 v2.17t AMS math features
\@mathmargin=\skip66
For additional information on amsmath, use the `?' option.
(/usr/share/texlive/texmf-dist/tex/latex/amsmath/amstext.sty
Package: amstext 2021/08/26 v2.01 AMS text
(/usr/share/texlive/texmf-dist/tex/latex/amsmath/amsgen.sty
File: amsgen.sty 1999/11/30 v2.0 generic functions
\@emptytoks=\toks18
\ex@=\dimen142
)) (/usr/share/texlive/texmf-dist/tex/latex/amsmath/amsbsy.sty
Package: amsbsy 1999/11/29 v1.2d Bold Symbols
\pmbraise@=\dimen143
) (/usr/share/texlive/texmf-dist/tex/latex/amsmath/amsopn.sty
Package: amsopn 2022/04/08 v2.04 operator names
)
\inf@bad=\count268
LaTeX Info: Redefining \frac on input line 233.
\uproot@=\count269
\leftroot@=\count270
LaTeX Info: Redefining \overline on input line 398.
LaTeX Info: Redefining \colon on input line 409.
\classnum@=\count271
\DOTSCASE@=\count272
LaTeX Info: Redefining \ldots on input line 495.
LaTeX Info: Redefining \dots on input line 498.
LaTeX Info: Redefining \cdots on input line 619.
\Mathstrutbox@=\box54
\strutbox@=\box55
LaTeX Info: Redefining \big on input line 721.
LaTeX Info: Redefining \Big on input line 722.
LaTeX Info: Redefining \bigg on input line 723.
LaTeX Info: Redefining \Bigg on input line 724.
\big@size=\dimen144
LaTeX Font Info:    Redeclaring font encoding OML on input line 742.
LaTeX Font Info:    Redeclaring font encoding OMS on input line 743.
\macc@depth=\count273
LaTeX Info: Redefining \bmod on input line 904.
LaTeX Info: Redefining \pmod on input line 909.
LaTeX Info: Redefining \smash on input line 939.
LaTeX Info: Redefining \relbar on input line 969.
LaTeX Info: Redefining \Relbar on input line 970.
\c@MaxMatrixCols=\count274
\dotsspace@=\muskip17
\c@parentequation=\count275
\dspbrk@lvl=\count276
\tag@help=\toks19
\row@=\count277
\column@=\count278
\maxfields@=\count279
\andhelp@=\toks20
\eqnshift@=\dimen145
\alignsep@=\dimen146
\tagshift@=\dimen147
\tagwidth@=\dimen148
\totwidth@=\dimen149
\lineht@=\dimen150
\@envbody=\toks21
\multlinegap=\skip67
\multlinetaggap=\skip68
\mathdisplay@stack=\toks22
LaTeX Info: Redefining \[ on input line 2953.
LaTeX Info: Redefining \] on input line 2954.
) (/usr/share/texlive/texmf-dist/tex/latex/amsfonts/amssymb.sty
Package: amssymb 2013/01/14 v3.01 AMS font symbols
(/usr/share/texlive/texmf-dist/tex/latex/amsfonts/amsfonts.sty
Package: amsfonts 2013/01/14 v3.01 Basic AMSFonts support
\symAMSa=\mathgroup4
\symAMSb=\mathgroup5
LaTeX Font Info:    Redeclaring math symbol \hbar on input line 98.
LaTeX Font Info:    Overwriting math alphabet `\mathfrak' in version `bold'
(Font)                  U/euf/m/n --> U/euf/b/n on input line 106.
)) (/usr/share/texlive/texmf-dist/tex/generic/iftex/iftex.sty
Package: iftex 2024/12/12 v1.0g TeX engine tests
) (/usr/share/texlive/texmf-dist/tex/latex/unicode-math/unicode-math.sty (/usr/
share/texlive/texmf-dist/tex/latex/l3kernel/expl3.sty
Package: expl3 2025-01-18 L3 programming layer (loader) 
(/usr/share/texlive/texmf-dist/tex/latex/l3backend/l3backend-xetex.def
File: l3backend-xetex.def 2024-05-08 L3 backend support: XeTeX
\g__graphics_track_int=\count280
\l__pdf_internal_box=\box56
\g__pdf_backend_annotation_int=\count281
\g__pdf_backend_link_int=\count282
))
Package: unicode-math 2023/08/13 v0.8r Unicode maths in XeLaTeX and LuaLaTeX
(/usr/share/texlive/texmf-dist/tex/latex/unicode-math/unicode-math-xetex.sty
Package: unicode-math-xetex 2023/08/13 v0.8r Unicode maths in XeLaTeX and LuaLa
TeX
(/usr/share/texlive/texmf-dist/tex/latex/l3packages/xparse/xparse.sty
Package: xparse 2024-08-16 L3 Experimental document command parser
) (/usr/share/texlive/texmf-dist/tex/latex/l3packages/l3keys2e/l3keys2e.sty
Package: l3keys2e 2024-08-16 LaTeX2e option processing using LaTeX3 keys
) (/usr/share/texlive/texmf-dist/tex/latex/fontspec/fontspec.sty
Package: fontspec 2024/05/11 v2.9e Font selection for XeLaTeX and LuaLaTeX
(/usr/share/texlive/texmf-dist/tex/latex/fontspec/fontspec-xetex.sty
Package: fontspec-xetex 2024/05/11 v2.9e Font selection for XeLaTeX and LuaLaTe
X
\l__fontspec_script_int=\count283
\l__fontspec_language_int=\count284
\l__fontspec_strnum_int=\count285
\l__fontspec_tmp_int=\count286
\l__fontspec_tmpa_int=\count287
\l__fontspec_tmpb_int=\count288
\l__fontspec_tmpc_int=\count289
\l__fontspec_em_int=\count290
\l__fontspec_emdef_int=\count291
\l__fontspec_strong_int=\count292
\l__fontspec_strongdef_int=\count293
\l__fontspec_tmpa_dim=\dimen151
\l__fontspec_tmpb_dim=\dimen152
\l__fontspec_tmpc_dim=\dimen153
(/usr/share/texlive/texmf-dist/tex/latex/base/fontenc.sty
Package: fontenc 2021/04/29 v2.0v Standard LaTeX package
) (/usr/share/texlive/texmf-dist/tex/latex/fontspec/fontspec.cfg))) (/usr/share
/texlive/texmf-dist/tex/latex/base/fix-cm.sty
Package: fix-cm 2020/11/24 v1.1t fixes to LaTeX
(/usr/share/texlive/texmf-dist/tex/latex/base/ts1enc.def
File: ts1enc.def 2001/06/05 v3.0e (jk/car/fm) Standard LaTeX file
LaTeX Font Info:    Redeclaring font encoding TS1 on input line 47.
))
\g__um_fam_int=\count294
\g__um_fonts_used_int=\count295
\l__um_primecount_int=\count296
\g__um_primekern_muskip=\muskip18
(/usr/share/texlive/texmf-dist/tex/latex/unicode-math/unicode-math-table.tex)))
(/usr/share/texmf/tex/latex/lm/lmodern.sty
Package: lmodern 2015/05/01 v1.6.1 Latin Modern Fonts
LaTeX Font Info:    Overwriting symbol font `operators' in version `normal'
(Font)                  OT1/cmr/m/n --> OT1/lmr/m/n on input line 22.
LaTeX Font Info:    Overwriting symbol font `letters' in version `normal'
(Font)                  OML/cmm/m/it --> OML/lmm/m/it on input line 23.
LaTeX Font Info:    Overwriting symbol font `symbols' in version `normal'
(Font)                  OMS/cmsy/m/n --> OMS/lmsy/m/n on input line 24.
LaTeX Font Info:    Overwriting symbol font `largesymbols' in version `normal'
(Font)                  OMX/cmex/m/n --> OMX/lmex/m/n on input line 25.
LaTeX Font Info:    Overwriting symbol font `operators' in version `bold'
(Font)                  OT1/cmr/bx/n --> OT1/lmr/bx/n on input line 26.
LaTeX Font Info:    Overwriting symbol font `letters' in version `bold'
(Font)                  OML/cmm/b/it --> OML/lmm/b/it on input line 27.
LaTeX Font Info:    Overwriting symbol font `symbols' in version `bold'
(Font)                  OMS/cmsy/b/n --> OMS/lmsy/b/n on input line 28.
LaTeX Font Info:    Overwriting symbol font `largesymbols' in version `bold'
(Font)                  OMX/cmex/m/n --> OMX/lmex/m/n on input line 29.
LaTeX Font Info:    Overwriting math alphabet `\mathbf' in version `normal'
(Font)                  OT1/cmr/bx/n --> OT1/lmr/bx/n on input line 31.
LaTeX Font Info:    Overwriting math alphabet `\mathsf' in version `normal'
(Font)                  OT1/cmss/m/n --> OT1/lmss/m/n on input line 32.
LaTeX Font Info:    Overwriting math alphabet `\mathit' in version `normal'
(Font)                  OT1/cmr/m/it --> OT1/lmr/m/it on input line 33.
LaTeX Font Info:    Overwriting math alphabet `\mathtt' in version `normal'
(Font)                  OT1/cmtt/m/n --> OT1/lmtt/m/n on input line 34.
LaTeX Font Info:    Overwriting math alphabet `\mathbf' in version `bold'
(Font)                  OT1/cmr/bx/n --> OT1/lmr/bx/n on input line 35.
LaTeX Font Info:    Overwriting math alphabet `\mathsf' in version `bold'
(Font)                  OT1/cmss/bx/n --> OT1/lmss/bx/n on input line 36.
LaTeX Font Info:    Overwriting math alphabet `\mathit' in version `bold'
(Font)                  OT1/cmr/bx/it --> OT1/lmr/bx/it on input line 37.
LaTeX Font Info:    Overwriting math alphabet `\mathtt' in version `bold'
(Font)                  OT1/cmtt/m/n --> OT1/lmtt/m/n on input line 38.
) (/usr/share/texlive/texmf-dist/tex/latex/upquote/upquote.sty
Package: upquote 2012/04/19 v1.3 upright-quote and grave-accent glyphs in verba
tim
(/usr/share/texlive/texmf-dist/tex/latex/base/textcomp.sty
Package: textcomp 2024/04/24 v2.1b Standard LaTeX package
)) (/usr/share/texlive/texmf-dist/tex/latex/microtype/microtype.sty
Package: microtype 2025/02/11 v3.2a Micro-typographical refinements (RS)
(/usr/share/texlive/texmf-dist/tex/latex/etoolbox/etoolbox.sty
Package: etoolbox 2025/02/11 v2.5l e-TeX tools for LaTeX (JAW)
\etb@tempcnta=\count297
)
\MT@toks=\toks23
\MT@tempbox=\box57
\MT@count=\count298
LaTeX Info: Redefining \noprotrusionifhmode on input line 1087.
LaTeX Info: Redefining \leftprotrusion on input line 1088.
\MT@prot@toks=\toks24
LaTeX Info: Redefining \rightprotrusion on input line 1107.
LaTeX Info: Redefining \textls on input line 1449.
\MT@outer@kern=\dimen154
LaTeX Info: Redefining \microtypecontext on input line 2053.
LaTeX Info: Redefining \textmicrotypecontext on input line 2070.
\MT@listname@count=\count299
(/usr/share/texlive/texmf-dist/tex/latex/microtype/microtype-xetex.def
File: microtype-xetex.def 2025/02/11 v3.2a Definitions specific to xetex (RS)
LaTeX Info: Redefining \lsstyle on input line 443.
LaTeX Info: Redefining \lslig on input line 451.
\MT@outer@space=\skip69
)
Package microtype Info: Loading configuration file microtype.cfg.
(/usr/share/texlive/texmf-dist/tex/latex/microtype/microtype.cfg
File: microtype.cfg 2025/02/11 v3.2a microtype main configuration file (RS)
)
LaTeX Info: Redefining \microtypesetup on input line 3065.
) (/usr/share/texlive/texmf-dist/tex/latex/tools/longtable.sty
Package: longtable 2024-10-27 v4.22 Multi-page Table package (DPC)
\LTleft=\skip70
\LTright=\skip71
\LTpre=\skip72
\LTpost=\skip73
\LTchunksize=\count300
\LTcapwidth=\dimen155
\LT@head=\box58
\LT@firsthead=\box59
\LT@foot=\box60
\LT@lastfoot=\box61
\LT@gbox=\box62
\LT@cols=\count301
\LT@rows=\count302
\c@LT@tables=\count303
\c@LT@chunks=\count304
\LT@p@ftn=\toks25
)
Class scrreprt Info: longtable captions redefined on input line 70.
(/usr/share/texlive/texmf-dist/tex/latex/booktabs/booktabs.sty
Package: booktabs 2020/01/12 v1.61803398 Publication quality tables
\heavyrulewidth=\dimen156
\lightrulewidth=\dimen157
\cmidrulewidth=\dimen158
\belowrulesep=\dimen159
\belowbottomsep=\dimen160
\aboverulesep=\dimen161
\abovetopsep=\dimen162
\cmidrulesep=\dimen163
\cmidrulekern=\dimen164
\defaultaddspace=\dimen165
\@cmidla=\count305
\@cmidlb=\count306
\@aboverulesep=\dimen166
\@belowrulesep=\dimen167
\@thisruleclass=\count307
\@lastruleclass=\count308
\@thisrulewidth=\dimen168
) (/usr/share/texlive/texmf-dist/tex/latex/tools/array.sty
Package: array 2024/10/17 v2.6g Tabular extension package (FMi)
\col@sep=\dimen169
\ar@mcellbox=\box63
\extrarowheight=\dimen170
\NC@list=\toks26
\extratabsurround=\skip74
\backup@length=\skip75
\ar@cellbox=\box64
) (/usr/share/texlive/texmf-dist/tex/latex/tools/calc.sty
Package: calc 2023/07/08 v4.3 Infix arithmetic (KKT,FJ)
\calc@Acount=\count309
\calc@Bcount=\count310
\calc@Adimen=\dimen171
\calc@Bdimen=\dimen172
\calc@Askip=\skip76
\calc@Bskip=\skip77
LaTeX Info: Redefining \setlength on input line 80.
LaTeX Info: Redefining \addtolength on input line 81.
\calc@Ccount=\count311
\calc@Cskip=\skip78
) (/usr/share/texlive/texmf-dist/tex/latex/footnotehyper/footnotehyper.sty
Package: footnotehyper 2021/08/13 v1.1e hyperref aware footnote.sty (JFB)
\FNH@notes=\box65
\FNH@width=\dimen173
\FNH@toks=\toks27
) (/usr/share/texlive/texmf-dist/tex/latex/graphics/graphicx.sty
Package: graphicx 2021/09/16 v1.2d Enhanced LaTeX Graphics (DPC,SPQR)
(/usr/share/texlive/texmf-dist/tex/latex/graphics/graphics.sty
Package: graphics 2024/08/06 v1.4g Standard LaTeX Graphics (DPC,SPQR)
(/usr/share/texlive/texmf-dist/tex/latex/graphics/trig.sty
Package: trig 2023/12/02 v1.11 sin cos tan (DPC)
) (/usr/share/texlive/texmf-dist/tex/latex/graphics-cfg/graphics.cfg
File: graphics.cfg 2016/06/04 v1.11 sample graphics configuration
)
Package graphics Info: Driver file: xetex.def on input line 106.
)
\Gin@req@height=\dimen174
\Gin@req@width=\dimen175
)
\pandoc@box=\box66
(/usr/share/texlive/texmf-dist/tex/latex/cancel/cancel.sty
Package: cancel 2013/04/12 v2.2 Cancel math terms
) (/usr/share/texlive/texmf-dist/tex/latex/tcolorbox/tcolorbox.sty
Package: tcolorbox 2024/10/22 version 6.4.1 text color boxes
(/usr/share/texlive/texmf-dist/tex/latex/pgf/frontendlayer/tikz.sty (/usr/share
/texlive/texmf-dist/tex/latex/pgf/basiclayer/pgf.sty (/usr/share/texlive/texmf-
dist/tex/latex/pgf/utilities/pgfrcs.sty (/usr/share/texlive/texmf-dist/tex/gene
ric/pgf/utilities/pgfutil-common.tex
\pgfutil@everybye=\toks28
\pgfutil@tempdima=\dimen176
\pgfutil@tempdimb=\dimen177
) (/usr/share/texlive/texmf-dist/tex/generic/pgf/utilities/pgfutil-latex.def
\pgfutil@abb=\box67
) (/usr/share/texlive/texmf-dist/tex/generic/pgf/utilities/pgfrcs.code.tex (/us
r/share/texlive/texmf-dist/tex/generic/pgf/pgf.revision.tex)
Package: pgfrcs 2023-01-15 v3.1.10 (3.1.10)
))
Package: pgf 2023-01-15 v3.1.10 (3.1.10)
(/usr/share/texlive/texmf-dist/tex/latex/pgf/basiclayer/pgfcore.sty (/usr/share
/texlive/texmf-dist/tex/latex/pgf/systemlayer/pgfsys.sty (/usr/share/texlive/te
xmf-dist/tex/generic/pgf/systemlayer/pgfsys.code.tex
Package: pgfsys 2023-01-15 v3.1.10 (3.1.10)
(/usr/share/texlive/texmf-dist/tex/generic/pgf/utilities/pgfkeys.code.tex
\pgfkeys@pathtoks=\toks29
\pgfkeys@temptoks=\toks30

(/usr/share/texlive/texmf-dist/tex/generic/pgf/utilities/pgfkeyslibraryfiltered
.code.tex
\pgfkeys@tmptoks=\toks31
))
\pgf@x=\dimen178
\pgf@y=\dimen179
\pgf@xa=\dimen180
\pgf@ya=\dimen181
\pgf@xb=\dimen182
\pgf@yb=\dimen183
\pgf@xc=\dimen184
\pgf@yc=\dimen185
\pgf@xd=\dimen186
\pgf@yd=\dimen187
\w@pgf@writea=\write3
\r@pgf@reada=\read2
\c@pgf@counta=\count312
\c@pgf@countb=\count313
\c@pgf@countc=\count314
\c@pgf@countd=\count315
\t@pgf@toka=\toks32
\t@pgf@tokb=\toks33
\t@pgf@tokc=\toks34
\pgf@sys@id@count=\count316
(/usr/share/texlive/texmf-dist/tex/generic/pgf/systemlayer/pgf.cfg
File: pgf.cfg 2023-01-15 v3.1.10 (3.1.10)
)
Driver file for pgf: pgfsys-xetex.def
(/usr/share/texlive/texmf-dist/tex/generic/pgf/systemlayer/pgfsys-xetex.def
File: pgfsys-xetex.def 2023-01-15 v3.1.10 (3.1.10)
(/usr/share/texlive/texmf-dist/tex/generic/pgf/systemlayer/pgfsys-dvipdfmx.def
File: pgfsys-dvipdfmx.def 2023-01-15 v3.1.10 (3.1.10)

(/usr/share/texlive/texmf-dist/tex/generic/pgf/systemlayer/pgfsys-common-pdf.de
f
File: pgfsys-common-pdf.def 2023-01-15 v3.1.10 (3.1.10)
)
\pgfsys@objnum=\count317
)))
(/usr/share/texlive/texmf-dist/tex/generic/pgf/systemlayer/pgfsyssoftpath.code.
tex
File: pgfsyssoftpath.code.tex 2023-01-15 v3.1.10 (3.1.10)
\pgfsyssoftpath@smallbuffer@items=\count318
\pgfsyssoftpath@bigbuffer@items=\count319
)
(/usr/share/texlive/texmf-dist/tex/generic/pgf/systemlayer/pgfsysprotocol.code.
tex
File: pgfsysprotocol.code.tex 2023-01-15 v3.1.10 (3.1.10)
)) (/usr/share/texlive/texmf-dist/tex/generic/pgf/basiclayer/pgfcore.code.tex
Package: pgfcore 2023-01-15 v3.1.10 (3.1.10)
(/usr/share/texlive/texmf-dist/tex/generic/pgf/math/pgfmath.code.tex (/usr/shar
e/texlive/texmf-dist/tex/generic/pgf/math/pgfmathutil.code.tex) (/usr/share/tex
live/texmf-dist/tex/generic/pgf/math/pgfmathparser.code.tex
\pgfmath@dimen=\dimen188
\pgfmath@count=\count320
\pgfmath@box=\box68
\pgfmath@toks=\toks35
\pgfmath@stack@operand=\toks36
\pgfmath@stack@operation=\toks37
) (/usr/share/texlive/texmf-dist/tex/generic/pgf/math/pgfmathfunctions.code.tex
)
(/usr/share/texlive/texmf-dist/tex/generic/pgf/math/pgfmathfunctions.basic.code
.tex)
(/usr/share/texlive/texmf-dist/tex/generic/pgf/math/pgfmathfunctions.trigonomet
ric.code.tex)
(/usr/share/texlive/texmf-dist/tex/generic/pgf/math/pgfmathfunctions.random.cod
e.tex)
(/usr/share/texlive/texmf-dist/tex/generic/pgf/math/pgfmathfunctions.comparison
.code.tex)
(/usr/share/texlive/texmf-dist/tex/generic/pgf/math/pgfmathfunctions.base.code.
tex)
(/usr/share/texlive/texmf-dist/tex/generic/pgf/math/pgfmathfunctions.round.code
.tex)
(/usr/share/texlive/texmf-dist/tex/generic/pgf/math/pgfmathfunctions.misc.code.
tex)
(/usr/share/texlive/texmf-dist/tex/generic/pgf/math/pgfmathfunctions.integerari
thmetics.code.tex) (/usr/share/texlive/texmf-dist/tex/generic/pgf/math/pgfmathc
alc.code.tex) (/usr/share/texlive/texmf-dist/tex/generic/pgf/math/pgfmathfloat.
code.tex
\c@pgfmathroundto@lastzeros=\count321
)) (/usr/share/texlive/texmf-dist/tex/generic/pgf/math/pgfint.code.tex)
(/usr/share/texlive/texmf-dist/tex/generic/pgf/basiclayer/pgfcorepoints.code.te
x
File: pgfcorepoints.code.tex 2023-01-15 v3.1.10 (3.1.10)
\pgf@picminx=\dimen189
\pgf@picmaxx=\dimen190
\pgf@picminy=\dimen191
\pgf@picmaxy=\dimen192
\pgf@pathminx=\dimen193
\pgf@pathmaxx=\dimen194
\pgf@pathminy=\dimen195
\pgf@pathmaxy=\dimen196
\pgf@xx=\dimen197
\pgf@xy=\dimen198
\pgf@yx=\dimen199
\pgf@yy=\dimen256
\pgf@zx=\dimen257
\pgf@zy=\dimen258
)
(/usr/share/texlive/texmf-dist/tex/generic/pgf/basiclayer/pgfcorepathconstruct.
code.tex
File: pgfcorepathconstruct.code.tex 2023-01-15 v3.1.10 (3.1.10)
\pgf@path@lastx=\dimen259
\pgf@path@lasty=\dimen260
)
(/usr/share/texlive/texmf-dist/tex/generic/pgf/basiclayer/pgfcorepathusage.code
.tex
File: pgfcorepathusage.code.tex 2023-01-15 v3.1.10 (3.1.10)
\pgf@shorten@end@additional=\dimen261
\pgf@shorten@start@additional=\dimen262
)
(/usr/share/texlive/texmf-dist/tex/generic/pgf/basiclayer/pgfcorescopes.code.te
x
File: pgfcorescopes.code.tex 2023-01-15 v3.1.10 (3.1.10)
\pgfpic=\box69
\pgf@hbox=\box70
\pgf@layerbox@main=\box71
\pgf@picture@serial@count=\count322
)
(/usr/share/texlive/texmf-dist/tex/generic/pgf/basiclayer/pgfcoregraphicstate.c
ode.tex
File: pgfcoregraphicstate.code.tex 2023-01-15 v3.1.10 (3.1.10)
\pgflinewidth=\dimen263
)
(/usr/share/texlive/texmf-dist/tex/generic/pgf/basiclayer/pgfcoretransformation
s.code.tex
File: pgfcoretransformations.code.tex 2023-01-15 v3.1.10 (3.1.10)
\pgf@pt@x=\dimen264
\pgf@pt@y=\dimen265
\pgf@pt@temp=\dimen266
)
(/usr/share/texlive/texmf-dist/tex/generic/pgf/basiclayer/pgfcorequick.code.tex
File: pgfcorequick.code.tex 2023-01-15 v3.1.10 (3.1.10)
)
(/usr/share/texlive/texmf-dist/tex/generic/pgf/basiclayer/pgfcoreobjects.code.t
ex
File: pgfcoreobjects.code.tex 2023-01-15 v3.1.10 (3.1.10)
)
(/usr/share/texlive/texmf-dist/tex/generic/pgf/basiclayer/pgfcorepathprocessing
.code.tex
File: pgfcorepathprocessing.code.tex 2023-01-15 v3.1.10 (3.1.10)
)
(/usr/share/texlive/texmf-dist/tex/generic/pgf/basiclayer/pgfcorearrows.code.te
x
File: pgfcorearrows.code.tex 2023-01-15 v3.1.10 (3.1.10)
\pgfarrowsep=\dimen267
)
(/usr/share/texlive/texmf-dist/tex/generic/pgf/basiclayer/pgfcoreshade.code.tex
File: pgfcoreshade.code.tex 2023-01-15 v3.1.10 (3.1.10)
\pgf@max=\dimen268
\pgf@sys@shading@range@num=\count323
\pgf@shadingcount=\count324
)
(/usr/share/texlive/texmf-dist/tex/generic/pgf/basiclayer/pgfcoreimage.code.tex
File: pgfcoreimage.code.tex 2023-01-15 v3.1.10 (3.1.10)
)
(/usr/share/texlive/texmf-dist/tex/generic/pgf/basiclayer/pgfcoreexternal.code.
tex
File: pgfcoreexternal.code.tex 2023-01-15 v3.1.10 (3.1.10)
\pgfexternal@startupbox=\box72
)
(/usr/share/texlive/texmf-dist/tex/generic/pgf/basiclayer/pgfcorelayers.code.te
x
File: pgfcorelayers.code.tex 2023-01-15 v3.1.10 (3.1.10)
)
(/usr/share/texlive/texmf-dist/tex/generic/pgf/basiclayer/pgfcoretransparency.c
ode.tex
File: pgfcoretransparency.code.tex 2023-01-15 v3.1.10 (3.1.10)
)
(/usr/share/texlive/texmf-dist/tex/generic/pgf/basiclayer/pgfcorepatterns.code.
tex
File: pgfcorepatterns.code.tex 2023-01-15 v3.1.10 (3.1.10)
) (/usr/share/texlive/texmf-dist/tex/generic/pgf/basiclayer/pgfcorerdf.code.tex
File: pgfcorerdf.code.tex 2023-01-15 v3.1.10 (3.1.10)
)))
(/usr/share/texlive/texmf-dist/tex/generic/pgf/modules/pgfmoduleshapes.code.tex
File: pgfmoduleshapes.code.tex 2023-01-15 v3.1.10 (3.1.10)
\pgfnodeparttextbox=\box73
) (/usr/share/texlive/texmf-dist/tex/generic/pgf/modules/pgfmoduleplot.code.tex
File: pgfmoduleplot.code.tex 2023-01-15 v3.1.10 (3.1.10)
)
(/usr/share/texlive/texmf-dist/tex/latex/pgf/compatibility/pgfcomp-version-0-65
.sty
Package: pgfcomp-version-0-65 2023-01-15 v3.1.10 (3.1.10)
\pgf@nodesepstart=\dimen269
\pgf@nodesepend=\dimen270
)
(/usr/share/texlive/texmf-dist/tex/latex/pgf/compatibility/pgfcomp-version-1-18
.sty
Package: pgfcomp-version-1-18 2023-01-15 v3.1.10 (3.1.10)
)) (/usr/share/texlive/texmf-dist/tex/latex/pgf/utilities/pgffor.sty (/usr/shar
e/texlive/texmf-dist/tex/latex/pgf/utilities/pgfkeys.sty (/usr/share/texlive/te
xmf-dist/tex/generic/pgf/utilities/pgfkeys.code.tex)) (/usr/share/texlive/texmf
-dist/tex/latex/pgf/math/pgfmath.sty (/usr/share/texlive/texmf-dist/tex/generic
/pgf/math/pgfmath.code.tex)) (/usr/share/texlive/texmf-dist/tex/generic/pgf/uti
lities/pgffor.code.tex
Package: pgffor 2023-01-15 v3.1.10 (3.1.10)
\pgffor@iter=\dimen271
\pgffor@skip=\dimen272
\pgffor@stack=\toks38
\pgffor@toks=\toks39
))
(/usr/share/texlive/texmf-dist/tex/generic/pgf/frontendlayer/tikz/tikz.code.tex
Package: tikz 2023-01-15 v3.1.10 (3.1.10)

(/usr/share/texlive/texmf-dist/tex/generic/pgf/libraries/pgflibraryplothandlers
.code.tex
File: pgflibraryplothandlers.code.tex 2023-01-15 v3.1.10 (3.1.10)
\pgf@plot@mark@count=\count325
\pgfplotmarksize=\dimen273
)
\tikz@lastx=\dimen274
\tikz@lasty=\dimen275
\tikz@lastxsaved=\dimen276
\tikz@lastysaved=\dimen277
\tikz@lastmovetox=\dimen278
\tikz@lastmovetoy=\dimen279
\tikzleveldistance=\dimen280
\tikzsiblingdistance=\dimen281
\tikz@figbox=\box74
\tikz@figbox@bg=\box75
\tikz@tempbox=\box76
\tikz@tempbox@bg=\box77
\tikztreelevel=\count326
\tikznumberofchildren=\count327
\tikznumberofcurrentchild=\count328
\tikz@fig@count=\count329

(/usr/share/texlive/texmf-dist/tex/generic/pgf/modules/pgfmodulematrix.code.tex
File: pgfmodulematrix.code.tex 2023-01-15 v3.1.10 (3.1.10)
\pgfmatrixcurrentrow=\count330
\pgfmatrixcurrentcolumn=\count331
\pgf@matrix@numberofcolumns=\count332
)
\tikz@expandcount=\count333

(/usr/share/texlive/texmf-dist/tex/generic/pgf/frontendlayer/tikz/libraries/tik
zlibrarytopaths.code.tex
File: tikzlibrarytopaths.code.tex 2023-01-15 v3.1.10 (3.1.10)
))) (/usr/share/texlive/texmf-dist/tex/latex/tools/verbatim.sty
Package: verbatim 2024-01-22 v1.5x LaTeX2e package for verbatim enhancements
\every@verbatim=\toks40
\verbatim@line=\toks41
\verbatim@in@stream=\read3
) (/usr/share/texlive/texmf-dist/tex/latex/environ/environ.sty
Package: environ 2014/05/04 v0.3 A new way to define environments
(/usr/share/texlive/texmf-dist/tex/latex/trimspaces/trimspaces.sty
Package: trimspaces 2009/09/17 v1.1 Trim spaces around a token list
))
\tcb@titlebox=\box78
\tcb@upperbox=\box79
\tcb@lowerbox=\box80
\tcb@phantombox=\box81
\c@tcbbreakpart=\count334
\c@tcblayer=\count335
\c@tcolorbox@number=\count336
\l__tcobox_tmpa_box=\box82
\l__tcobox_tmpa_dim=\dimen282
\tcb@temp=\box83
\tcb@temp=\box84
\tcb@temp=\box85
\tcb@temp=\box86
(/usr/share/texlive/texmf-dist/tex/latex/tcolorbox/tcbskins.code.tex
Library (tcolorbox): 'tcbskins.code.tex' version '6.4.1'
(/usr/share/texlive/texmf-dist/tex/latex/tikzfill/tikzfill.image.sty
Package: tikzfill.image 2023/08/08 v1.0.1 Image filling library for TikZ
(/usr/share/texlive/texmf-dist/tex/latex/tikzfill/tikzfill-common.sty
Package: tikzfill-common 2023/08/08 v1.0.1 Auxiliary code for tikzfill
)
(/usr/share/texlive/texmf-dist/tex/latex/tikzfill/tikzlibraryfill.image.code.te
x
File: tikzlibraryfill.image.code.tex 2023/08/08 v1.0.1 Image filling library
\l__tikzfill_img_box=\box87
)) (/usr/share/texlive/texmf-dist/tex/latex/tcolorbox/tcbskinsjigsaw.code.tex
Library (tcolorbox): 'tcbskinsjigsaw.code.tex' version '6.4.1'
)) (/usr/share/texlive/texmf-dist/tex/latex/tcolorbox/tcbbreakable.code.tex
Library (tcolorbox): 'tcbbreakable.code.tex' version '6.4.1'
(/usr/share/texlive/texmf-dist/tex/latex/pdfcol/pdfcol.sty
Package: pdfcol 2022-09-21 v1.7 Handle new color stacks for pdfTeX (HO)
(/usr/share/texlive/texmf-dist/tex/generic/ltxcmds/ltxcmds.sty
Package: ltxcmds 2023-12-04 v1.26 LaTeX kernel commands for general use (HO)
) (/usr/share/texlive/texmf-dist/tex/generic/infwarerr/infwarerr.sty
Package: infwarerr 2019/12/03 v1.5 Providing info/warning/error messages (HO)
)
Package pdfcol Info: Interface disabled because of missing PDF mode of pdfTeX.
)
Package pdfcol Info: pdfTeX's color stacks are not available.
\tcb@testbox=\box88
\tcb@totalupperbox=\box89
\tcb@totallowerbox=\box90
)) (/usr/share/texlive/texmf-dist/tex/latex/fontawesome5/fontawesome5.sty
Package: fontawesome5 2022/05/02 v5.15.4 Font Awesome 5

(/usr/share/texlive/texmf-dist/tex/latex/fontawesome5/fontawesome5-utex-helper.
sty
Package: fontawesome5-utex-helper 2022/05/02 v5.15.4 uTeX helper for fontawesom
e5
LaTeX Font Info:    Trying to load font information for TU+fontawesomefree on i
nput line 69.
(/usr/share/texlive/texmf-dist/tex/latex/fontawesome5/tufontawesomefree.fd)
LaTeX Font Info:    Trying to load font information for TU+fontawesomebrands on
 input line 70.
(/usr/share/texlive/texmf-dist/tex/latex/fontawesome5/tufontawesomebrands.fd)))
(/usr/share/texlive/texmf-dist/tex/latex/bookmark/bookmark.sty
Package: bookmark 2023-12-10 v1.31 PDF bookmarks (HO)
(/usr/share/texlive/texmf-dist/tex/latex/hyperref/hyperref.sty
Package: hyperref 2024-11-05 v7.01l Hypertext links for LaTeX
(/usr/share/texlive/texmf-dist/tex/latex/kvsetkeys/kvsetkeys.sty
Package: kvsetkeys 2022-10-05 v1.19 Key value parser (HO)
) (/usr/share/texlive/texmf-dist/tex/generic/kvdefinekeys/kvdefinekeys.sty
Package: kvdefinekeys 2019-12-19 v1.6 Define keys (HO)
) (/usr/share/texlive/texmf-dist/tex/generic/pdfescape/pdfescape.sty
Package: pdfescape 2019/12/09 v1.15 Implements pdfTeX's escape features (HO)
(/usr/share/texlive/texmf-dist/tex/generic/pdftexcmds/pdftexcmds.sty
Package: pdftexcmds 2020-06-27 v0.33 Utility functions of pdfTeX for LuaTeX (HO
)
Package pdftexcmds Info: \pdf@primitive is available.
Package pdftexcmds Info: \pdf@ifprimitive is available.
Package pdftexcmds Info: \pdfdraftmode not found.
)) (/usr/share/texlive/texmf-dist/tex/latex/hycolor/hycolor.sty
Package: hycolor 2020-01-27 v1.10 Color options for hyperref/bookmark (HO)
) (/usr/share/texlive/texmf-dist/tex/latex/hyperref/nameref.sty
Package: nameref 2023-11-26 v2.56 Cross-referencing by name of section
(/usr/share/texlive/texmf-dist/tex/latex/refcount/refcount.sty
Package: refcount 2019/12/15 v3.6 Data extraction from label references (HO)
) (/usr/share/texlive/texmf-dist/tex/generic/gettitlestring/gettitlestring.sty
Package: gettitlestring 2019/12/15 v1.6 Cleanup title references (HO)
(/usr/share/texlive/texmf-dist/tex/latex/kvoptions/kvoptions.sty
Package: kvoptions 2022-06-15 v3.15 Key value format for package options (HO)
))
\c@section@level=\count337
) (/usr/share/texlive/texmf-dist/tex/generic/stringenc/stringenc.sty
Package: stringenc 2019/11/29 v1.12 Convert strings between diff. encodings (HO
)
)
\@linkdim=\dimen283
\Hy@linkcounter=\count338
\Hy@pagecounter=\count339
(/usr/share/texlive/texmf-dist/tex/latex/hyperref/pd1enc.def
File: pd1enc.def 2024-11-05 v7.01l Hyperref: PDFDocEncoding definition (HO)
) (/usr/share/texlive/texmf-dist/tex/generic/intcalc/intcalc.sty
Package: intcalc 2019/12/15 v1.3 Expandable calculations with integers (HO)
)
\Hy@SavedSpaceFactor=\count340
(/usr/share/texlive/texmf-dist/tex/latex/hyperref/puenc.def
File: puenc.def 2024-11-05 v7.01l Hyperref: PDF Unicode definition (HO)
)
Package hyperref Info: Option `unicode' set `true' on input line 4040.
Package hyperref Info: Hyper figures OFF on input line 4157.
Package hyperref Info: Link nesting OFF on input line 4162.
Package hyperref Info: Hyper index ON on input line 4165.
Package hyperref Info: Plain pages OFF on input line 4172.
Package hyperref Info: Backreferencing OFF on input line 4177.
Package hyperref Info: Implicit mode ON; LaTeX internals redefined.
Package hyperref Info: Bookmarks ON on input line 4424.
\c@Hy@tempcnt=\count341
(/usr/share/texlive/texmf-dist/tex/latex/url/url.sty
\Urlmuskip=\muskip19
Package: url 2013/09/16  ver 3.4  Verb mode for urls, etc.
)
LaTeX Info: Redefining \url on input line 4763.
\XeTeXLinkMargin=\dimen284
(/usr/share/texlive/texmf-dist/tex/generic/bitset/bitset.sty
Package: bitset 2019/12/09 v1.3 Handle bit-vector datatype (HO)
(/usr/share/texlive/texmf-dist/tex/generic/bigintcalc/bigintcalc.sty
Package: bigintcalc 2019/12/15 v1.5 Expandable calculations on big integers (HO
)
))
\Fld@menulength=\count342
\Field@Width=\dimen285
\Fld@charsize=\dimen286
Package hyperref Info: Hyper figures OFF on input line 6042.
Package hyperref Info: Link nesting OFF on input line 6047.
Package hyperref Info: Hyper index ON on input line 6050.
Package hyperref Info: backreferencing OFF on input line 6057.
Package hyperref Info: Link coloring OFF on input line 6062.
Package hyperref Info: Link coloring with OCG OFF on input line 6067.
Package hyperref Info: PDF/A mode OFF on input line 6072.
(/usr/share/texlive/texmf-dist/tex/latex/base/atbegshi-ltx.sty
Package: atbegshi-ltx 2021/01/10 v1.0c Emulation of the original atbegshi
package with kernel methods
)
\Hy@abspage=\count343
\c@Item=\count344
\c@Hfootnote=\count345
)
Package hyperref Info: Driver (autodetected): hxetex.
(/usr/share/texlive/texmf-dist/tex/latex/hyperref/hxetex.def
File: hxetex.def 2024-11-05 v7.01l Hyperref driver for XeTeX
\pdfm@box=\box91
\c@Hy@AnnotLevel=\count346
\HyField@AnnotCount=\count347
\Fld@listcount=\count348
\c@bookmark@seq@number=\count349
(/usr/share/texlive/texmf-dist/tex/latex/rerunfilecheck/rerunfilecheck.sty
Package: rerunfilecheck 2022-07-10 v1.10 Rerun checks for auxiliary files (HO)
(/usr/share/texlive/texmf-dist/tex/latex/base/atveryend-ltx.sty
Package: atveryend-ltx 2020/08/19 v1.0a Emulation of the original atveryend pac
kage
with kernel methods
) (/usr/share/texlive/texmf-dist/tex/generic/uniquecounter/uniquecounter.sty
Package: uniquecounter 2019/12/15 v1.4 Provide unlimited unique counter (HO)
)
Package uniquecounter Info: New unique counter `rerunfilecheck' on input line 2
85.
)
\Hy@SectionHShift=\skip79
) (/usr/share/texlive/texmf-dist/tex/latex/bookmark/bkm-dvipdfm.def
File: bkm-dvipdfm.def 2023-12-10 v1.31 bookmark driver for dvipdfm (HO)
\BKM@id=\count350
)) (/usr/share/texlive/texmf-dist/tex/latex/caption/caption.sty
Package: caption 2023/08/05 v3.6o Customizing captions (AR)
(/usr/share/texlive/texmf-dist/tex/latex/caption/caption3.sty
Package: caption3 2023/07/31 v2.4d caption3 kernel (AR)
\caption@tempdima=\dimen287
\captionmargin=\dimen288
\caption@leftmargin=\dimen289
\caption@rightmargin=\dimen290
\caption@width=\dimen291
\caption@indent=\dimen292
\caption@parindent=\dimen293
\caption@hangindent=\dimen294
Package caption Info: KOMA-Script document class detected.
(/usr/share/texlive/texmf-dist/tex/latex/caption/caption-koma.sto
File: caption-koma.sto 2023/09/08 v2.0e Adaption of the caption package to the 
KOMA-Script document classes (AR)
))
\c@caption@flags=\count351
\c@continuedfloat=\count352
Package caption Info: hyperref package is loaded.
Package caption Info: longtable package is loaded.
(/usr/share/texlive/texmf-dist/tex/latex/caption/ltcaption.sty
Package: ltcaption 2021/01/08 v1.4c longtable captions (AR)
)
Package caption Info: KOMA-Script scrextend package detected.
\caption@addmargin@hsize=\dimen295
\caption@addmargin@linewidth=\dimen296
) (/usr/share/texlive/texmf-dist/tex/latex/float/float.sty
Package: float 2001/11/08 v1.3d Float enhancements (AL)
\c@float@type=\count353
\float@exts=\toks42
\float@box=\box92
\@float@everytoks=\toks43
\@floatcapt=\box93
)
\@float@every@codelisting=\toks44
\c@codelisting=\count354
(/usr/share/texlive/texmf-dist/tex/latex/caption/subcaption.sty
Package: subcaption 2023/07/28 v1.6b Sub-captions (AR)
Package caption Info: New subtype `subfigure' on input line 238.
\c@subfigure=\count355
Package caption Info: New subtype `subtable' on input line 238.
\c@subtable=\count356
) (/usr/share/texlive/texmf-dist/tex/latex/xurl/xurl.sty
Package: xurl 2022/01/09 v 0.10 modify URL breaks
)
Package hyperref Info: Option `colorlinks' set `true' on input line 183.
No file index.aux.
\openout1 = `index.aux'.

LaTeX Font Info:    Checking defaults for OML/cmm/m/it on input line 189.
LaTeX Font Info:    ... okay on input line 189.
LaTeX Font Info:    Checking defaults for OMS/cmsy/m/n on input line 189.
LaTeX Font Info:    ... okay on input line 189.
LaTeX Font Info:    Checking defaults for OT1/cmr/m/n on input line 189.
LaTeX Font Info:    ... okay on input line 189.
LaTeX Font Info:    Checking defaults for T1/cmr/m/n on input line 189.
LaTeX Font Info:    ... okay on input line 189.
LaTeX Font Info:    Checking defaults for TS1/cmr/m/n on input line 189.
LaTeX Font Info:    ... okay on input line 189.
LaTeX Font Info:    Checking defaults for TU/lmr/m/n on input line 189.
LaTeX Font Info:    ... okay on input line 189.
LaTeX Font Info:    Checking defaults for OMX/cmex/m/n on input line 189.
LaTeX Font Info:    ... okay on input line 189.
LaTeX Font Info:    Checking defaults for U/cmr/m/n on input line 189.
LaTeX Font Info:    ... okay on input line 189.
LaTeX Font Info:    Checking defaults for PD1/pdf/m/n on input line 189.
LaTeX Font Info:    ... okay on input line 189.
LaTeX Font Info:    Checking defaults for PU/pdf/m/n on input line 189.
LaTeX Font Info:    ... okay on input line 189.
Package scrbase Info: activating english \abstractname on input line 189.
Package scrbase Info: activating english \partname on input line 189.
Package scrbase Info: activating english \chaptername on input line 189.
Package scrbase Info: activating english \appendixname on input line 189.
Package scrbase Info: activating english \figurename on input line 189.
Package scrbase Info: activating english \tablename on input line 189.
Package scrbase Info: activating english \contentsname on input line 189.
Package scrbase Info: activating english \listfigurename on input line 189.
Package scrbase Info: activating english \listtablename on input line 189.
Package scrbase Info: activating english \bibname on input line 189.
Package scrbase Info: activating english \indexname on input line 189.
LaTeX Font Info:    Overwriting math alphabet `\mathrm' in version `normal'
(Font)                  OT1/lmr/m/n --> TU/lmr/m/n on input line 189.
LaTeX Font Info:    Overwriting math alphabet `\mathit' in version `normal'
(Font)                  OT1/lmr/m/it --> TU/lmr/m/it on input line 189.
LaTeX Font Info:    Overwriting math alphabet `\mathbf' in version `normal'
(Font)                  OT1/lmr/bx/n --> TU/lmr/bx/n on input line 189.
LaTeX Font Info:    Overwriting math alphabet `\mathsf' in version `normal'
(Font)                  OT1/lmss/m/n --> TU/lmss/m/n on input line 189.
LaTeX Font Info:    Overwriting math alphabet `\mathsf' in version `bold'
(Font)                  OT1/lmss/bx/n --> TU/lmss/bx/n on input line 189.
LaTeX Font Info:    Overwriting math alphabet `\mathtt' in version `normal'
(Font)                  OT1/lmtt/m/n --> TU/lmtt/m/n on input line 189.
LaTeX Font Info:    Overwriting math alphabet `\mathtt' in version `bold'
(Font)                  OT1/lmtt/m/n --> TU/lmtt/bx/n on input line 189.

Package fontspec Info: 
(fontspec)             latinmodern-math scale = 0.9999967668407183.


Package fontspec Info: 
(fontspec)             latinmodern-math scale = 0.9999967668407183.


Package fontspec Info: 
(fontspec)             latinmodern-math scale = 0.9999967668407183.


Package fontspec Info: 
(fontspec)             Font family 'latinmodern-math.otf(0)' created for font
(fontspec)             'latinmodern-math.otf' with options
(fontspec)             [Scale=MatchLowercase,BoldItalicFont={},ItalicFont={},Sm
allCapsFont={},Script=Math,BoldFont={latinmodern-math.otf}].
(fontspec)              
(fontspec)              This font family consists of the following NFSS
(fontspec)             series/shapes:
(fontspec)              
(fontspec)             - 'normal' (m/n) with NFSS spec.:
(fontspec)             <->s*[0.9999967668407183]"[latinmodern-math.otf]/OT:scri
pt=math;language=dflt;"
(fontspec)             - 'bold' (b/n) with NFSS spec.:
(fontspec)             <->s*[0.9999967668407183]"[latinmodern-math.otf]/OT:scri
pt=math;language=dflt;"

LaTeX Font Info:    Font shape `TU/latinmodern-math.otf(0)/m/n' will be
(Font)              scaled to size 10.95pt on input line 189.

Package fontspec Info: 
(fontspec)             latinmodern-math scale = 0.9999967668407183.


Package fontspec Info: 
(fontspec)             latinmodern-math scale = 0.9999967668407183.


Package fontspec Info: 
(fontspec)             latinmodern-math scale = 0.9999967668407183.


Package fontspec Info: 
(fontspec)             latinmodern-math scale = 0.9999967668407183.


Package fontspec Info: 
(fontspec)             latinmodern-math scale = 0.9999967668407183.


Package fontspec Info: 
(fontspec)             Font family 'latinmodern-math.otf(1)' created for font
(fontspec)             'latinmodern-math.otf' with options
(fontspec)             [Scale=MatchLowercase,BoldItalicFont={},ItalicFont={},Sm
allCapsFont={},Script=Math,SizeFeatures={{Size=9.3075-},{Size=6.57-9.3075,Font=
latinmodern-math.otf,Style=MathScript},{Size=-6.57,Font=latinmodern-math.otf,St
yle=MathScriptScript}},BoldFont={latinmodern-math.otf}].
(fontspec)              
(fontspec)              This font family consists of the following NFSS
(fontspec)             series/shapes:
(fontspec)              
(fontspec)             - 'normal' (m/n) with NFSS spec.:
(fontspec)             <9.3075->s*[0.9999967668407183]"[latinmodern-math.otf]/O
T:script=math;language=dflt;"<6.57-9.3075>s*[0.9999967668407183]"[latinmodern-m
ath.otf]/OT:script=math;language=dflt;+ssty=0;"<-6.57>s*[0.9999967668407183]"[l
atinmodern-math.otf]/OT:script=math;language=dflt;+ssty=1;"
(fontspec)             - 'bold' (b/n) with NFSS spec.:
(fontspec)             <->s*[0.9999967668407183]"[latinmodern-math.otf]/OT:scri
pt=math;language=dflt;"

LaTeX Font Info:    Font shape `TU/latinmodern-math.otf(1)/m/n' will be
(Font)              scaled to size 10.95pt on input line 189.
LaTeX Font Info:    Encoding `OT1' has changed to `TU' for symbol font
(Font)              `operators' in the math version `normal' on input line 189.

LaTeX Font Info:    Overwriting symbol font `operators' in version `normal'
(Font)                  OT1/lmr/m/n --> TU/latinmodern-math.otf(1)/m/n on input
 line 189.
LaTeX Font Info:    Encoding `OT1' has changed to `TU' for symbol font
(Font)              `operators' in the math version `bold' on input line 189.
LaTeX Font Info:    Overwriting symbol font `operators' in version `bold'
(Font)                  OT1/lmr/bx/n --> TU/latinmodern-math.otf(1)/b/n on inpu
t line 189.

Package fontspec Info: 
(fontspec)             latinmodern-math scale = 0.9999967668407183.


Package fontspec Info: 
(fontspec)             latinmodern-math scale = 1.000096766517402.


Package fontspec Info: 
(fontspec)             latinmodern-math scale = 0.9999967668407183.


Package fontspec Info: 
(fontspec)             latinmodern-math scale = 1.000096766517402.


Package fontspec Info: 
(fontspec)             latinmodern-math scale = 0.9999967668407183.


Package fontspec Info: 
(fontspec)             latinmodern-math scale = 1.000096766517402.


Package fontspec Info: 
(fontspec)             latinmodern-math scale = 0.9999967668407183.


Package fontspec Info: 
(fontspec)             latinmodern-math scale = 1.000096766517402.


Package fontspec Info: 
(fontspec)             latinmodern-math scale = 0.9999967668407183.


Package fontspec Info: 
(fontspec)             latinmodern-math scale = 1.000096766517402.


Package fontspec Info: 
(fontspec)             Font family 'latinmodern-math.otf(2)' created for font
(fontspec)             'latinmodern-math.otf' with options
(fontspec)             [Scale=MatchLowercase,BoldItalicFont={},ItalicFont={},Sm
allCapsFont={},Script=Math,SizeFeatures={{Size=9.3075-},{Size=6.57-9.3075,Font=
latinmodern-math.otf,Style=MathScript},{Size=-6.57,Font=latinmodern-math.otf,St
yle=MathScriptScript}},BoldFont={latinmodern-math.otf},ScaleAgain=1.0001,FontAd
justment={\fontdimen
(fontspec)             8\font =7.41315pt\relax \fontdimen 9\font
(fontspec)             =4.3143pt\relax \fontdimen 10\font =4.8618pt\relax
(fontspec)             \fontdimen 11\font =7.5117pt\relax \fontdimen 12\font
(fontspec)             =3.77776pt\relax \fontdimen 13\font =3.97485pt\relax
(fontspec)             \fontdimen 14\font =3.97485pt\relax \fontdimen 15\font
(fontspec)             =3.16455pt\relax \fontdimen 16\font =2.70465pt\relax
(fontspec)             \fontdimen 17\font =2.70465pt\relax \fontdimen 18\font
(fontspec)             =2.7375pt\relax \fontdimen 19\font =2.19pt\relax
(fontspec)             \fontdimen 22\font =2.7375pt\relax \fontdimen 20\font
(fontspec)             =0pt\relax \fontdimen 21\font =0pt\relax }].
(fontspec)              
(fontspec)              This font family consists of the following NFSS
(fontspec)             series/shapes:
(fontspec)              
(fontspec)             - 'normal' (m/n) with NFSS spec.:
(fontspec)             <9.3075->s*[1.000096766517402]"[latinmodern-math.otf]/OT
:script=math;language=dflt;"<6.57-9.3075>s*[1.000096766517402]"[latinmodern-mat
h.otf]/OT:script=math;language=dflt;+ssty=0;"<-6.57>s*[1.000096766517402]"[lati
nmodern-math.otf]/OT:script=math;language=dflt;+ssty=1;"
(fontspec)             - 'bold' (b/n) with NFSS spec.:
(fontspec)             <->s*[1.000096766517402]"[latinmodern-math.otf]/OT:scrip
t=math;language=dflt;"

LaTeX Font Info:    Encoding `OMS' has changed to `TU' for symbol font
(Font)              `symbols' in the math version `normal' on input line 189.
LaTeX Font Info:    Overwriting symbol font `symbols' in version `normal'
(Font)                  OMS/lmsy/m/n --> TU/latinmodern-math.otf(2)/m/n on inpu
t line 189.
LaTeX Font Info:    Encoding `OMS' has changed to `TU' for symbol font
(Font)              `symbols' in the math version `bold' on input line 189.
LaTeX Font Info:    Overwriting symbol font `symbols' in version `bold'
(Font)                  OMS/lmsy/b/n --> TU/latinmodern-math.otf(2)/b/n on inpu
t line 189.

Package fontspec Info: 
(fontspec)             latinmodern-math scale = 0.9999967668407183.


Package fontspec Info: 
(fontspec)             latinmodern-math scale = 0.9998967671640342.


Package fontspec Info: 
(fontspec)             latinmodern-math scale = 0.9999967668407183.


Package fontspec Info: 
(fontspec)             latinmodern-math scale = 0.9998967671640342.


Package fontspec Info: 
(fontspec)             latinmodern-math scale = 0.9999967668407183.


Package fontspec Info: 
(fontspec)             latinmodern-math scale = 0.9998967671640342.


Package fontspec Info: 
(fontspec)             latinmodern-math scale = 0.9999967668407183.


Package fontspec Info: 
(fontspec)             latinmodern-math scale = 0.9998967671640342.


Package fontspec Info: 
(fontspec)             latinmodern-math scale = 0.9999967668407183.


Package fontspec Info: 
(fontspec)             latinmodern-math scale = 0.9998967671640342.


Package fontspec Info: 
(fontspec)             Font family 'latinmodern-math.otf(3)' created for font
(fontspec)             'latinmodern-math.otf' with options
(fontspec)             [Scale=MatchLowercase,BoldItalicFont={},ItalicFont={},Sm
allCapsFont={},Script=Math,SizeFeatures={{Size=9.3075-},{Size=6.57-9.3075,Font=
latinmodern-math.otf,Style=MathScript},{Size=-6.57,Font=latinmodern-math.otf,St
yle=MathScriptScript}},BoldFont={latinmodern-math.otf},ScaleAgain=0.9999,FontAd
justment={\fontdimen
(fontspec)             8\font =0.438pt\relax \fontdimen 9\font =2.19pt\relax
(fontspec)             \fontdimen 10\font =1.82864pt\relax \fontdimen 11\font
(fontspec)             =1.21545pt\relax \fontdimen 12\font =6.56999pt\relax
(fontspec)             \fontdimen 13\font =0pt\relax }].
(fontspec)              
(fontspec)              This font family consists of the following NFSS
(fontspec)             series/shapes:
(fontspec)              
(fontspec)             - 'normal' (m/n) with NFSS spec.:
(fontspec)             <9.3075->s*[0.9998967671640342]"[latinmodern-math.otf]/O
T:script=math;language=dflt;"<6.57-9.3075>s*[0.9998967671640342]"[latinmodern-m
ath.otf]/OT:script=math;language=dflt;+ssty=0;"<-6.57>s*[0.9998967671640342]"[l
atinmodern-math.otf]/OT:script=math;language=dflt;+ssty=1;"
(fontspec)             - 'bold' (b/n) with NFSS spec.:
(fontspec)             <->s*[0.9998967671640342]"[latinmodern-math.otf]/OT:scri
pt=math;language=dflt;"

LaTeX Font Info:    Encoding `OMX' has changed to `TU' for symbol font
(Font)              `largesymbols' in the math version `normal' on input line 1
89.
LaTeX Font Info:    Overwriting symbol font `largesymbols' in version `normal'
(Font)                  OMX/lmex/m/n --> TU/latinmodern-math.otf(3)/m/n on inpu
t line 189.
LaTeX Font Info:    Encoding `OMX' has changed to `TU' for symbol font
(Font)              `largesymbols' in the math version `bold' on input line 189
.
LaTeX Font Info:    Overwriting symbol font `largesymbols' in version `bold'
(Font)                  OMX/lmex/m/n --> TU/latinmodern-math.otf(3)/b/n on inpu
t line 189.
LaTeX Info: Redefining \microtypecontext on input line 189.
Package microtype Info: Applying patch `item' on input line 189.
Package microtype Info: Applying patch `toc' on input line 189.
Package microtype Info: Applying patch `eqnum' on input line 189.
Package microtype Info: Applying patch `footnote' on input line 189.
Package microtype Info: Applying patch `verbatim' on input line 189.
LaTeX Info: Redefining \microtypesetup on input line 189.
Package microtype Info: Character protrusion enabled (level 2).
Package microtype Info: Using protrusion set `basicmath'.
Package microtype Info: No adjustment of tracking.
Package microtype Info: No adjustment of spacing.
Package microtype Info: No adjustment of kerning.
(/usr/share/texlive/texmf-dist/tex/latex/microtype/mt-LatinModernRoman.cfg
File: mt-LatinModernRoman.cfg 2021/02/21 v1.1 microtype config. file: Latin Mod
ern Roman (RS)
)
Package hyperref Info: Link coloring ON on input line 189.

Package hyperref Warning: Rerun to get /PageLabels entry.

Package caption Info: Begin \AtBeginDocument code.
Package caption Info: float package is loaded.
Package caption Info: End \AtBeginDocument code.
Package microtype Info: Loading generic protrusion settings for font family
(microtype)             `lmss' (encoding: TU).
(microtype)             For optimal results, create family-specific settings.
(microtype)             See the microtype manual for details.
LaTeX Font Info:    Font shape `TU/latinmodern-math.otf(1)/m/n' will be
(Font)              scaled to size 14.4pt on input line 191.
LaTeX Font Info:    Font shape `TU/latinmodern-math.otf(1)/m/n' will be
(Font)              scaled to size 10.0pt on input line 191.
LaTeX Font Info:    Font shape `TU/latinmodern-math.otf(1)/m/n' will be
(Font)              scaled to size 7.0pt on input line 191.
LaTeX Font Info:    Trying to load font information for OML+lmm on input line 1
91.
(/usr/share/texmf/tex/latex/lm/omllmm.fd
File: omllmm.fd 2015/05/01 v1.6.1 Font defs for Latin Modern
)
LaTeX Font Info:    Font shape `TU/latinmodern-math.otf(2)/m/n' will be
(Font)              scaled to size 14.4013pt on input line 191.
LaTeX Font Info:    Font shape `TU/latinmodern-math.otf(2)/m/n' will be
(Font)              scaled to size 10.00092pt on input line 191.
LaTeX Font Info:    Font shape `TU/latinmodern-math.otf(2)/m/n' will be
(Font)              scaled to size 7.00064pt on input line 191.
LaTeX Font Info:    Font shape `TU/latinmodern-math.otf(3)/m/n' will be
(Font)              scaled to size 14.39845pt on input line 191.
LaTeX Font Info:    Font shape `TU/latinmodern-math.otf(3)/m/n' will be
(Font)              scaled to size 9.99893pt on input line 191.
LaTeX Font Info:    Font shape `TU/latinmodern-math.otf(3)/m/n' will be
(Font)              scaled to size 6.99925pt on input line 191.
LaTeX Font Info:    Trying to load font information for U+msa on input line 191
.
(/usr/share/texlive/texmf-dist/tex/latex/amsfonts/umsa.fd
File: umsa.fd 2013/01/14 v3.01 AMS symbols A
) (/usr/share/texlive/texmf-dist/tex/latex/microtype/mt-msa.cfg
File: mt-msa.cfg 2006/02/04 v1.1 microtype config. file: AMS symbols (a) (RS)
)
LaTeX Font Info:    Trying to load font information for U+msb on input line 191
.
(/usr/share/texlive/texmf-dist/tex/latex/amsfonts/umsb.fd
File: umsb.fd 2013/01/14 v3.01 AMS symbols B
) (/usr/share/texlive/texmf-dist/tex/latex/microtype/mt-msb.cfg
File: mt-msb.cfg 2005/06/01 v1.0 microtype config. file: AMS symbols (b) (RS)
)

[1



]
Package tocbasic Info: character protrusion at toc deactivated on input line 19
6.
No file index.toc.
\tf@toc=\write4
\openout4 = `index.toc'.



[2

]
Missing character: There is no  (U+1F9ED) in font [lmsans10-bold]:mapping=tex-
text;!


[3

]
part I.
Package scrkbase Info: You've told me to use the font selection of the element
(scrkbase)             `partprefix' that is an alias of element `partnumber'
(scrkbase)              on input line 247.


[4

]
Underfull \hbox (badness 10000) in paragraph at lines 273--275

 []


Underfull \hbox (badness 10000) in paragraph at lines 275--277

 []


Underfull \hbox (badness 10000) in paragraph at lines 277--279

 []


Underfull \hbox (badness 10000) in paragraph at lines 279--281

 []



[5

]

[6]
LaTeX Font Info:    Font shape `TU/latinmodern-math.otf(1)/m/n' will be
(Font)              scaled to size 7.665pt on input line 363.
LaTeX Font Info:    Font shape `TU/latinmodern-math.otf(1)/m/n' will be
(Font)              scaled to size 5.475pt on input line 363.
LaTeX Font Info:    Font shape `TU/latinmodern-math.otf(2)/m/n' will be
(Font)              scaled to size 10.95099pt on input line 363.
LaTeX Font Info:    Font shape `TU/latinmodern-math.otf(2)/m/n' will be
(Font)              scaled to size 7.66568pt on input line 363.
LaTeX Font Info:    Font shape `TU/latinmodern-math.otf(2)/m/n' will be
(Font)              scaled to size 5.4755pt on input line 363.
LaTeX Font Info:    Font shape `TU/latinmodern-math.otf(3)/m/n' will be
(Font)              scaled to size 10.94882pt on input line 363.
LaTeX Font Info:    Font shape `TU/latinmodern-math.otf(3)/m/n' will be
(Font)              scaled to size 7.66417pt on input line 363.
LaTeX Font Info:    Font shape `TU/latinmodern-math.otf(3)/m/n' will be
(Font)              scaled to size 5.47441pt on input line 363.
Missing character: There is no  (U+1F525) in font [lmsans10-bold]:mapping=tex-
text;!
Missing character: There is no  (U+1F465) in font [lmsans10-bold]:mapping=tex-
text;!


[7

]
File: images/Unit_1/Lesson_1/blank_numberline.png Graphic file (type bmp)
<images/Unit_1/Lesson_1/blank_numberline.png>

Overfull \hbox (223.86702pt too wide) in paragraph at lines 415--417
[]\TU/lmr/bx/n/10.95 Lets draw a number line from -10 to 10 [] 
 []

File: images/Unit_1/Lesson_1/count_by_5s.png Graphic file (type bmp)
<images/Unit_1/Lesson_1/count_by_5s.png>

Overfull \hbox (10.94794pt too wide) in paragraph at lines 439--440
[][] 
 []

File: images/Unit_1/Lesson_1/vertical_by_tens.png Graphic file (type bmp)
<images/Unit_1/Lesson_1/vertical_by_tens.png>


[8]
File: images/Unit_1/Lesson_1/three_to_five_by_1.png Graphic file (type bmp)
<images/Unit_1/Lesson_1/three_to_five_by_1.png>
File: images/Unit_1/Lesson_1/between_3_and_5_by_05.png Graphic file (type bmp)
<images/Unit_1/Lesson_1/between_3_and_5_by_05.png>
File: images/Unit_1/Lesson_1/between_3_and_5_by_025.png Graphic file (type bmp)

<images/Unit_1/Lesson_1/between_3_and_5_by_025.png>

Underfull \hbox (badness 10000) in paragraph at lines 457--460
[][]
 []


Underfull \hbox (badness 10000) in paragraph at lines 457--460
[]
 []


Overfull \hbox (10.94794pt too wide) in paragraph at lines 457--460
[] 
 []



[9]
File: images/Unit_1/Lesson_1/opposites.png Graphic file (type bmp)
<images/Unit_1/Lesson_1/opposites.png>

Overfull \hbox (10.94794pt too wide) in paragraph at lines 489--490
[][] 
 []

File: images/Unit_1/Lesson_1/absolute_value_negative_five.png Graphic file (typ
e bmp)
<images/Unit_1/Lesson_1/absolute_value_negative_five.png>

Overfull \hbox (114.98389pt too wide) in paragraph at lines 505--508
\TU/lmr/m/n/10.95 units away from zero. [] 
 []



[10]
File: images/Unit_1/Lesson_1/absolute_value_five.png Graphic file (type bmp)
<images/Unit_1/Lesson_1/absolute_value_five.png>

Overfull \hbox (239.50737pt too wide) in paragraph at lines 509--511
[]\TU/lmr/m/n/10.95 You can see that |5| is also 5 for the same reason! [] 
 []

File: images/Unit_1/Lesson_1/east_to_west.png Graphic file (type bmp)
<images/Unit_1/Lesson_1/east_to_west.png>

Overfull \hbox (10.94794pt too wide) in paragraph at lines 517--518
[][] 
 []

File: images/Unit_1/Lesson_1/compare_2_to_neg7.png Graphic file (type bmp)
<images/Unit_1/Lesson_1/compare_2_to_neg7.png>

Overfull \hbox (116.00226pt too wide) in paragraph at lines 534--536
[]\TU/lmr/m/n/10.95 Lets compare 2 to -7. [] 
 []



[11]
File: images/Unit_1/Lesson_1/compare_3_to_neg8.png Graphic file (type bmp)
<images/Unit_1/Lesson_1/compare_3_to_neg8.png>

Overfull \hbox (10.94794pt too wide) in paragraph at lines 553--554
[][] 
 []



[12]
File: images/Unit_1/Lesson_1/add_6_to_neg2.png Graphic file (type bmp)
<images/Unit_1/Lesson_1/add_6_to_neg2.png>

Overfull \hbox (99.38594pt too wide) in paragraph at lines 580--582
[]\TU/lmr/m/n/10.95 Addition: $[][] [] [] [] []$ [] 
 []

File: images/Unit_1/Lesson_1/add_neg5_to_150.png Graphic file (type bmp)
<images/Unit_1/Lesson_1/add_neg5_to_150.png>

Overfull \hbox (172.37868pt too wide) in paragraph at lines 592--594
[]\TU/lmr/m/n/10.95 Adding a negative: $[][][] [] [][][][] [] [][][]$ [] 
 []

File: images/Unit_1/Lesson_1/subtract_450_from_400.png Graphic file (type bmp)
<images/Unit_1/Lesson_1/subtract_450_from_400.png>

Overfull \hbox (141.21294pt too wide) in paragraph at lines 604--606
[]\TU/lmr/m/n/10.95 Subtraction: $[][][] [] [][][] [] [][][]$ [] 
 []

File: images/Unit_1/Lesson_1/subtract_neg5_from_201.png Graphic file (type bmp)

<images/Unit_1/Lesson_1/subtract_neg5_from_201.png>

Overfull \hbox (194.11443pt too wide) in paragraph at lines 616--618
[]\TU/lmr/m/n/10.95 Subtracting a negative: $[][][] [] [][][][] [] [][][]$ [] 
 []



[13]
Missing character: There is no  (U+270D) in font [lmsans10-bold]:mapping=tex-t
ext;!
Missing character: There is no  (U+FE0F) in font [lmsans10-bold]:mapping=tex-t
ext;!
File: images/Unit_1/Lesson_1/problem_2.png Graphic file (type bmp)
<images/Unit_1/Lesson_1/problem_2.png>


[14]

[15]
File: images/Unit_1/Lesson_1/answer_1_a.png Graphic file (type bmp)
<images/Unit_1/Lesson_1/answer_1_a.png>
File: images/Unit_1/Lesson_1/answer_1_b.png Graphic file (type bmp)
<images/Unit_1/Lesson_1/answer_1_b.png>
File: images/Unit_1/Lesson_1/answer_1_c.png Graphic file (type bmp)
<images/Unit_1/Lesson_1/answer_1_c.png>
File: images/Unit_1/Lesson_1/problem_2.png Graphic file (type bmp)
<images/Unit_1/Lesson_1/problem_2.png>
File: images/Unit_1/Lesson_1/answer_5.png Graphic file (type bmp)
<images/Unit_1/Lesson_1/answer_5.png>


[16]
File: images/Unit_1/Lesson_1/answer_12_b.png Graphic file (type bmp)
<images/Unit_1/Lesson_1/answer_12_b.png>
File: images/Unit_1/Lesson_1/answer_13_a.png Graphic file (type bmp)
<images/Unit_1/Lesson_1/answer_13_a.png>


[17]
File: images/Unit_1/Lesson_1/answer_13_b.png Graphic file (type bmp)
<images/Unit_1/Lesson_1/answer_13_b.png>
File: images/Unit_1/Lesson_1/answer_13_c.png Graphic file (type bmp)
<images/Unit_1/Lesson_1/answer_13_c.png>
File: images/Unit_1/Lesson_1/answer_13_d.png Graphic file (type bmp)
<images/Unit_1/Lesson_1/answer_13_d.png>


[18]
File: images/Unit_1/Lesson_1/answer_14_a.png Graphic file (type bmp)
<images/Unit_1/Lesson_1/answer_14_a.png>
File: images/Unit_1/Lesson_1/answer_14_b.png Graphic file (type bmp)
<images/Unit_1/Lesson_1/answer_14_b.png>
File: images/Unit_1/Lesson_1/answer_14_c.png Graphic file (type bmp)
<images/Unit_1/Lesson_1/answer_14_c.png>


[19]
Missing character: There is no  (U+1F525) in font [lmsans10-bold]:mapping=tex-
text;!
Missing character: There is no  (U+1F465) in font [lmsans10-bold]:mapping=tex-
text;!


[20

]
File: images/Unit_1/Lesson_2/skip_count_by_3.png Graphic file (type bmp)
<images/Unit_1/Lesson_2/skip_count_by_3.png>

Overfull \hbox (240.14423pt too wide) in paragraph at lines 1038--1040
[]\TU/lmr/m/n/10.95 Here is a number line that shows multiples of three. [] 
 []



[21]

[22]
File: chapters/Unit_1/1.2_Factors_Multiples_&_Prime_Factorization_files/figure-
latex/mermaid-figure-1.png Graphic file (type bmp)
<chapters/Unit_1/1.2_Factors_Multiples_&_Prime_Factorization_files/figure-latex
/mermaid-figure-1.png>
File: chapters/Unit_1/1.2_Factors_Multiples_&_Prime_Factorization_files/figure-
latex/mermaid-figure-9.png Graphic file (type bmp)
<chapters/Unit_1/1.2_Factors_Multiples_&_Prime_Factorization_files/figure-latex
/mermaid-figure-9.png>
File: chapters/Unit_1/1.2_Factors_Multiples_&_Prime_Factorization_files/figure-
latex/mermaid-figure-8.png Graphic file (type bmp)
<chapters/Unit_1/1.2_Factors_Multiples_&_Prime_Factorization_files/figure-latex
/mermaid-figure-8.png>
File: chapters/Unit_1/1.2_Factors_Multiples_&_Prime_Factorization_files/figure-
latex/mermaid-figure-7.png Graphic file (type bmp)
<chapters/Unit_1/1.2_Factors_Multiples_&_Prime_Factorization_files/figure-latex
/mermaid-figure-7.png>


[23]
File: chapters/Unit_1/1.2_Factors_Multiples_&_Prime_Factorization_files/figure-
latex/mermaid-figure-6.png Graphic file (type bmp)
<chapters/Unit_1/1.2_Factors_Multiples_&_Prime_Factorization_files/figure-latex
/mermaid-figure-6.png>


[24] (/usr/share/texlive/texmf-dist/tex/latex/microtype/mt-TU-empty.cfg
File: mt-TU-empty.cfg 2021/06/22 v1.1 microtype config. file: fonts with nonsta
ndard glyph set (RS)
)
File: chapters/Unit_1/1.2_Factors_Multiples_&_Prime_Factorization_files/figure-
latex/mermaid-figure-5.png Graphic file (type bmp)
<chapters/Unit_1/1.2_Factors_Multiples_&_Prime_Factorization_files/figure-latex
/mermaid-figure-5.png>


[25]
File: chapters/Unit_1/1.2_Factors_Multiples_&_Prime_Factorization_files/figure-
latex/mermaid-figure-4.png Graphic file (type bmp)
<chapters/Unit_1/1.2_Factors_Multiples_&_Prime_Factorization_files/figure-latex
/mermaid-figure-4.png>


[26]
Missing character: There is no  (U+270D) in font [lmsans10-bold]:mapping=tex-t
ext;!
Missing character: There is no  (U+FE0F) in font [lmsans10-bold]:mapping=tex-t
ext;!


[27]
File: chapters/Unit_1/1.2_Factors_Multiples_&_Prime_Factorization_files/figure-
latex/mermaid-figure-3.png Graphic file (type bmp)
<chapters/Unit_1/1.2_Factors_Multiples_&_Prime_Factorization_files/figure-latex
/mermaid-figure-3.png>
File: chapters/Unit_1/1.2_Factors_Multiples_&_Prime_Factorization_files/figure-
latex/mermaid-figure-2.png Graphic file (type bmp)
<chapters/Unit_1/1.2_Factors_Multiples_&_Prime_Factorization_files/figure-latex
/mermaid-figure-2.png>


[28]

[29]

[30]
File: images/Unit_1/Lesson_2/lesson_1_2_4a.png Graphic file (type bmp)
<images/Unit_1/Lesson_2/lesson_1_2_4a.png>
File: images/Unit_1/Lesson_2/lesson_1_2_4b.png Graphic file (type bmp)
<images/Unit_1/Lesson_2/lesson_1_2_4b.png>


[31]
Missing character: There is no  (U+2074) in font [lmroman10-regular]:mapping=t
ex-text;!


[32]
Missing character: There is no  (U+1F525) in font [lmsans10-bold]:mapping=tex-
text;!


[33

]
Missing character: There is no  (U+1F465) in font [lmsans10-bold]:mapping=tex-
text;!
File: chapters/Unit_1/1.3_GCF_&_Simplifying_Fractions_files/figure-latex/mermai
d-figure-6.png Graphic file (type bmp)
<chapters/Unit_1/1.3_GCF_&_Simplifying_Fractions_files/figure-latex/mermaid-fig
ure-6.png>

Overfull \hbox (18.7245pt too wide) in paragraph at lines 1599--1600
[][] 
 []

File: chapters/Unit_1/1.3_GCF_&_Simplifying_Fractions_files/figure-latex/mermai
d-figure-21.png Graphic file (type bmp)
<chapters/Unit_1/1.3_GCF_&_Simplifying_Fractions_files/figure-latex/mermaid-fig
ure-21.png>

Overfull \hbox (18.7245pt too wide) in paragraph at lines 1606--1607
[][] 
 []

File: chapters/Unit_1/1.3_GCF_&_Simplifying_Fractions_files/figure-latex/mermai
d-figure-20.png Graphic file (type bmp)
<chapters/Unit_1/1.3_GCF_&_Simplifying_Fractions_files/figure-latex/mermaid-fig
ure-20.png>

Overfull \hbox (18.7245pt too wide) in paragraph at lines 1620--1621
[][] 
 []

File: chapters/Unit_1/1.3_GCF_&_Simplifying_Fractions_files/figure-latex/mermai
d-figure-19.png Graphic file (type bmp)
<chapters/Unit_1/1.3_GCF_&_Simplifying_Fractions_files/figure-latex/mermaid-fig
ure-19.png>

Overfull \hbox (18.7245pt too wide) in paragraph at lines 1627--1628
[][] 
 []

File: chapters/Unit_1/1.3_GCF_&_Simplifying_Fractions_files/figure-latex/mermai
d-figure-18.png Graphic file (type bmp)
<chapters/Unit_1/1.3_GCF_&_Simplifying_Fractions_files/figure-latex/mermaid-fig
ure-18.png>
File: chapters/Unit_1/1.3_GCF_&_Simplifying_Fractions_files/figure-latex/mermai
d-figure-17.png Graphic file (type bmp)
<chapters/Unit_1/1.3_GCF_&_Simplifying_Fractions_files/figure-latex/mermaid-fig
ure-17.png>

Overfull \hbox (18.7245pt too wide) in paragraph at lines 1650--1651
[][] 
 []

File: chapters/Unit_1/1.3_GCF_&_Simplifying_Fractions_files/figure-latex/mermai
d-figure-16.png Graphic file (type bmp)
<chapters/Unit_1/1.3_GCF_&_Simplifying_Fractions_files/figure-latex/mermaid-fig
ure-16.png>

Overfull \hbox (18.7245pt too wide) in paragraph at lines 1675--1676
[][] 
 []

File: chapters/Unit_1/1.3_GCF_&_Simplifying_Fractions_files/figure-latex/mermai
d-figure-15.png Graphic file (type bmp)
<chapters/Unit_1/1.3_GCF_&_Simplifying_Fractions_files/figure-latex/mermaid-fig
ure-15.png>

Overfull \hbox (18.7245pt too wide) in paragraph at lines 1682--1683
[][] 
 []



[34]

[35]
File: chapters/Unit_1/1.3_GCF_&_Simplifying_Fractions_files/figure-latex/mermai
d-figure-14.png Graphic file (type bmp)
<chapters/Unit_1/1.3_GCF_&_Simplifying_Fractions_files/figure-latex/mermaid-fig
ure-14.png>

Overfull \hbox (18.7245pt too wide) in paragraph at lines 1703--1704
[][] 
 []

File: chapters/Unit_1/1.3_GCF_&_Simplifying_Fractions_files/figure-latex/mermai
d-figure-13.png Graphic file (type bmp)
<chapters/Unit_1/1.3_GCF_&_Simplifying_Fractions_files/figure-latex/mermaid-fig
ure-13.png>
File: chapters/Unit_1/1.3_GCF_&_Simplifying_Fractions_files/figure-latex/mermai
d-figure-12.png Graphic file (type bmp)
<chapters/Unit_1/1.3_GCF_&_Simplifying_Fractions_files/figure-latex/mermaid-fig
ure-12.png>


[36]
File: chapters/Unit_1/1.3_GCF_&_Simplifying_Fractions_files/figure-latex/mermai
d-figure-11.png Graphic file (type bmp)
<chapters/Unit_1/1.3_GCF_&_Simplifying_Fractions_files/figure-latex/mermaid-fig
ure-11.png>

Overfull \hbox (152.42535pt too wide) in paragraph at lines 1738--1739
[][] 
 []

File: chapters/Unit_1/1.3_GCF_&_Simplifying_Fractions_files/figure-latex/mermai
d-figure-10.png Graphic file (type bmp)
<chapters/Unit_1/1.3_GCF_&_Simplifying_Fractions_files/figure-latex/mermaid-fig
ure-10.png>

Overfull \hbox (18.7245pt too wide) in paragraph at lines 1745--1746
[][] 
 []

File: chapters/Unit_1/1.3_GCF_&_Simplifying_Fractions_files/figure-latex/mermai
d-figure-9.png Graphic file (type bmp)
<chapters/Unit_1/1.3_GCF_&_Simplifying_Fractions_files/figure-latex/mermaid-fig
ure-9.png>


[37]
Overfull \vbox (9.04068pt too high) has occurred while \output is active []



[38]

[39]
File: chapters/Unit_1/1.3_GCF_&_Simplifying_Fractions_files/figure-latex/mermai
d-figure-8.png Graphic file (type bmp)
<chapters/Unit_1/1.3_GCF_&_Simplifying_Fractions_files/figure-latex/mermaid-fig
ure-8.png>
File: chapters/Unit_1/1.3_GCF_&_Simplifying_Fractions_files/figure-latex/mermai
d-figure-7.png Graphic file (type bmp)
<chapters/Unit_1/1.3_GCF_&_Simplifying_Fractions_files/figure-latex/mermaid-fig
ure-7.png>


[40]

[41]
Missing character: There is no  (U+270D) in font [lmsans10-bold]:mapping=tex-t
ext;!
Missing character: There is no  (U+FE0F) in font [lmsans10-bold]:mapping=tex-t
ext;!


[42]

[43]

[44]

[45]
Missing character: There is no  (U+1F525) in font [lmsans10-bold]:mapping=tex-
text;!
Missing character: There is no  (U+1F465) in font [lmsans10-bold]:mapping=tex-
text;!


[46

]
File: images/Unit_1/Lesson_4/fraction_2_fifths.png Graphic file (type bmp)
<images/Unit_1/Lesson_4/fraction_2_fifths.png>
File: images/Unit_1/Lesson_4/linechart_point_4.png Graphic file (type bmp)
<images/Unit_1/Lesson_4/linechart_point_4.png>
File: images/Unit_1/Lesson_4/pie_chart_40_percent.png Graphic file (type bmp)
<images/Unit_1/Lesson_4/pie_chart_40_percent.png>


[47]

[48]
Missing character: There is no  (U+1F449) in font [lmroman10-regular]:mapping=
tex-text;!
File: images/Unit_1/Lesson_4/convert_point_234.png Graphic file (type bmp)
<images/Unit_1/Lesson_4/convert_point_234.png>


[49]
File: images/Unit_1/Lesson_4/convert_point_4.png Graphic file (type bmp)
<images/Unit_1/Lesson_4/convert_point_4.png>
File: images/Unit_1/Lesson_4/convert_3_point_2.png Graphic file (type bmp)
<images/Unit_1/Lesson_4/convert_3_point_2.png>


[50]

Package longtable Warning: Column widths have changed
(longtable)                in table 2 on input line 2580.



[51]
File: images/Unit_1/Lesson_4/convert_41_percent.png Graphic file (type bmp)
<images/Unit_1/Lesson_4/convert_41_percent.png>


[52]
Missing character: There is no  (U+270D) in font [lmsans10-bold]:mapping=tex-t
ext;!
Missing character: There is no  (U+FE0F) in font [lmsans10-bold]:mapping=tex-t
ext;!


[53]

[54]

[55]
File: images/Unit_1/Lesson_4/answer_5.png Graphic file (type bmp)
<images/Unit_1/Lesson_4/answer_5.png>


[56]
Missing character: There is no  (U+1F525) in font [lmsans10-bold]:mapping=tex-
text;!
Missing character: There is no  (U+1F465) in font [lmsans10-bold]:mapping=tex-
text;!


[57

]
File: images/Unit_1/Lesson_5/fourth_of_a_half.png Graphic file (type bmp)
<images/Unit_1/Lesson_5/fourth_of_a_half.png>


[58]

[59]

[60]
Missing character: There is no  (U+270D) in font [lmsans10-bold]:mapping=tex-t
ext;!
Missing character: There is no  (U+FE0F) in font [lmsans10-bold]:mapping=tex-t
ext;!

Underfull \hbox (badness 10000) in paragraph at lines 3300--3302

 []


Underfull \hbox (badness 10000) in paragraph at lines 3302--3304

 []



[61]
Underfull \hbox (badness 10000) in paragraph at lines 3304--3306

 []


Underfull \hbox (badness 10000) in paragraph at lines 3315--3317

 []


Underfull \hbox (badness 10000) in paragraph at lines 3317--3319

 []


Underfull \hbox (badness 10000) in paragraph at lines 3319--3321

 []


Underfull \hbox (badness 10000) in paragraph at lines 3330--3332

 []


Underfull \hbox (badness 10000) in paragraph at lines 3332--3334

 []


Underfull \hbox (badness 10000) in paragraph at lines 3334--3336

 []



[62]

[63]

[64]
Missing character: There is no  (U+1F525) in font [lmsans10-bold]:mapping=tex-
text;!
Missing character: There is no  (U+1F465) in font [lmsans10-bold]:mapping=tex-
text;!


[65

]

Package longtable Warning: Column widths have changed
(longtable)                in table 5 on input line 3613.



[66]

Package longtable Warning: Column widths have changed
(longtable)                in table 6 on input line 3633.



[67]
Underfull \hbox (badness 10000) in paragraph at lines 3701--3702

 []



[68]

Package longtable Warning: Column widths have changed
(longtable)                in table 7 on input line 3751.


Package longtable Warning: Column widths have changed
(longtable)                in table 8 on input line 3776.



[69]
Missing character: There is no  (U+270D) in font [lmsans10-bold]:mapping=tex-t
ext;!
Missing character: There is no  (U+FE0F) in font [lmsans10-bold]:mapping=tex-t
ext;!


[70]

[71]
Underfull \hbox (badness 10000) in paragraph at lines 3915--3917

 []


Underfull \hbox (badness 10000) in paragraph at lines 3919--3921

 []


Underfull \hbox (badness 10000) in paragraph at lines 3923--3925

 []

Missing character: There is no  (U+21D2) in font [lmroman10-regular]:mapping=t
ex-text;!


[72]
Missing character: There is no  (U+1F525) in font [lmsans10-bold]:mapping=tex-
text;!
Missing character: There is no  (U+1F465) in font [lmsans10-bold]:mapping=tex-
text;!


[73

]
Missing character: There is no  (U+2705) in font [lmroman10-regular]:mapping=t
ex-text;!


[74]

[75]

[76]

[77]
Underfull \hbox (badness 10000) in paragraph at lines 4271--4272

 []


Underfull \hbox (badness 10000) in paragraph at lines 4276--4277

 []



[78]
Underfull \hbox (badness 10000) in paragraph at lines 4318--4319

 []


Underfull \hbox (badness 10000) in paragraph at lines 4325--4326

 []


Underfull \hbox (badness 10000) in paragraph at lines 4332--4333

 []


Underfull \hbox (badness 10000) in paragraph at lines 4339--4340

 []



[79]
Underfull \hbox (badness 10000) in paragraph at lines 4366--4367

 []


Underfull \hbox (badness 10000) in paragraph at lines 4369--4370

 []


Underfull \hbox (badness 10000) in paragraph at lines 4372--4373

 []

Missing character: There is no  (U+2705) in font [lmroman10-regular]:mapping=t
ex-text;!
Missing character: There is no  (U+270D) in font [lmsans10-bold]:mapping=tex-t
ext;!
Missing character: There is no  (U+FE0F) in font [lmsans10-bold]:mapping=tex-t
ext;!


[80]
Underfull \hbox (badness 10000) in paragraph at lines 4471--4472

 []


Underfull \hbox (badness 10000) in paragraph at lines 4479--4480

 []


Underfull \hbox (badness 10000) in paragraph at lines 4487--4488

 []


Underfull \hbox (badness 10000) in paragraph at lines 4517--4518

 []


Underfull \hbox (badness 10000) in paragraph at lines 4525--4526

 []


Underfull \hbox (badness 10000) in paragraph at lines 4533--4534

 []



[81]

[82]

[83]
part II.
Package scrkbase Info: You've told me to use the font selection of the element
(scrkbase)             `partprefix' that is an alias of element `partnumber'
(scrkbase)              on input line 4687.


[84

]
Underfull \hbox (badness 10000) in paragraph at lines 4718--4720

 []


Underfull \hbox (badness 10000) in paragraph at lines 4720--4723

 []


Underfull \hbox (badness 10000) in paragraph at lines 4723--4726

 []


Underfull \hbox (badness 10000) in paragraph at lines 4726--4729

 []



[85

]

[86]
Underfull \hbox (badness 10000) in paragraph at lines 4799--4800

 []


Underfull \hbox (badness 10000) in paragraph at lines 4801--4802

 []


Underfull \hbox (badness 10000) in paragraph at lines 4803--4804

 []

Missing character: There is no  (U+1F525) in font [lmsans10-bold]:mapping=tex-
text;!
Missing character: There is no  (U+1F465) in font [lmsans10-bold]:mapping=tex-
text;!


[87

]
File: images/Unit_2/Lesson_1/AppleBoxX.png Graphic file (type bmp)
<images/Unit_2/Lesson_1/AppleBoxX.png>
File: images/Unit_2/Lesson_1/AppleBoxOpen.png Graphic file (type bmp)
<images/Unit_2/Lesson_1/AppleBoxOpen.png>


[88]
File: images/Unit_2/Lesson_1/AppleBox3.png Graphic file (type bmp)
<images/Unit_2/Lesson_1/AppleBox3.png>


[89]

[90]

[91]
Missing character: There is no  (U+2260) in font [lmroman10-bold]:mapping=tex-
text;!
Missing character: There is no  (U+270D) in font [lmsans10-bold]:mapping=tex-t
ext;!
Missing character: There is no  (U+FE0F) in font [lmsans10-bold]:mapping=tex-t
ext;!


[92]
Missing character: There is no  (U+2003) in font [lmroman10-regular]:mapping=t
ex-text;!
Missing character: There is no  (U+2003) in font [lmroman10-regular]:mapping=t
ex-text;!
Missing character: There is no  (U+2003) in font [lmroman10-regular]:mapping=t
ex-text;!
Missing character: There is no  (U+2003) in font [lmroman10-regular]:mapping=t
ex-text;!
Missing character: There is no  (U+2003) in font [lmroman10-regular]:mapping=t
ex-text;!
Missing character: There is no  (U+2003) in font [lmroman10-regular]:mapping=t
ex-text;!
Missing character: There is no  (U+2003) in font [lmroman10-regular]:mapping=t
ex-text;!
Missing character: There is no  (U+2003) in font [lmroman10-regular]:mapping=t
ex-text;!
Missing character: There is no  (U+2003) in font [lmroman10-regular]:mapping=t
ex-text;!
Missing character: There is no  (U+2003) in font [lmroman10-regular]:mapping=t
ex-text;!
Missing character: There is no  (U+2003) in font [lmroman10-regular]:mapping=t
ex-text;!
Missing character: There is no  (U+2003) in font [lmroman10-regular]:mapping=t
ex-text;!


[93]
Missing character: There is no  (U+2003) in font [lmroman10-regular]:mapping=t
ex-text;!
Missing character: There is no  (U+2003) in font [lmroman10-regular]:mapping=t
ex-text;!
Missing character: There is no  (U+2003) in font [lmroman10-regular]:mapping=t
ex-text;!


[94]

[95]
Underfull \hbox (badness 10000) in paragraph at lines 5341--5343

 []


Underfull \hbox (badness 10000) in paragraph at lines 5343--5346

 []


Underfull \hbox (badness 10000) in paragraph at lines 5346--5347

 []

Missing character: There is no  (U+22C5) in font [lmroman10-regular]:mapping=t
ex-text;!
Missing character: There is no  (U+1F9E0) in font [lmsans10-bold]:mapping=tex-
text;!


[96

]
Missing character: There is no  (U+22C5) in font [lmroman10-regular]:mapping=t
ex-text;!
Missing character: There is no  (U+22C5) in font [lmroman10-regular]:mapping=t
ex-text;!

Underfull \hbox (badness 10000) in paragraph at lines 5436--5438

 []


Underfull \hbox (badness 10000) in paragraph at lines 5438--5440

 []


Underfull \hbox (badness 10000) in paragraph at lines 5440--5442

 []

! Missing $ inserted.
<inserted text> 
                $
l.5442   (\frac{x + 6}{2}
                         ) when (x = 8)\\ 
Here is how much of TeX's memory you used:
 39457 strings out of 475852
 832002 string characters out of 5775423
 1511701 words of memory out of 5000000
 61761 multiletter control sequences out of 15000+600000
 565300 words of font info for 90 fonts, out of 8000000 for 9000
 14 hyphenation exceptions out of 8191
 108i,13n,114p,10919b,1049s stack positions out of 10000i,1000n,20000p,200000b,200000s

Output written on index.pdf (96 pages).
